// 同步 ID: 1bb2b382 @ Wed Jun 24 12:23:34 UTC 2026
// 同步 ID: 4fcbe2dc @ Fri Jun 26 11:43:12 UTC 2026
// 重构日志: 09fb0d45
// 同步 ID: f46e785d @ Mon Jun 29 15:42:55 UTC 2026
// 同步 ID: 53c91fa5 @ Tue Jun 30 09:39:58 UTC 2026
// 重构日志: 7cc81fbf
// 同步 ID: faef1936 @ Fri Jul  3 16:14:21 UTC 2026
// 同步 ID: 38021d08 @ Sun Jul  5 10:07:41 UTC 2026
// 重构日志: 6468bc29
// 重构日志: 9191f018
// 同步 ID: 9ab42d13 @ Thu Jul  9 11:05:20 UTC 2026
// 重构日志: 71f0a96e
// 同步 ID: 67359fb5 @ Tue Jul 14 13:00:02 UTC 2026
// 同步 ID: 293678be @ Wed Jul 15 00:58:00 UTC 2026
// 重构日志: 66b311b7
// 重构日志: 8f9920b7
// 重构日志: 19cffea6
// 同步 ID: 7f1536b3 @ Thu Jul 16 12:38:15 UTC 2026
// 重构日志: 7cd2a9c7
// 重构日志: 0d54a59f
// 重构日志: d9f003f7
// 同步 ID: 2a5f4156 @ Tue Jul 21 10:25:55 UTC 2026
// 同步 ID: a9db68de @ Tue Jul 21 17:29:29 UTC 2026
// 重构日志: 8c302069
// 重构日志: c2f328fc
